<?xml version="1.0" encoding="UTF-8"?>
<testng-results skipped="0" failed="0" ignored="0" total="1" passed="1">
  <reporter-output>
  </reporter-output>
  <suite name="Default suite" duration-ms="1348" started-at="2020-09-20T17:30:54Z" finished-at="2020-09-20T17:30:56Z">
    <groups>
    </groups>
    <test name="Default test" duration-ms="1348" started-at="2020-09-20T17:30:54Z" finished-at="2020-09-20T17:30:56Z">
      <class name="RestClient.JiraAPIs">
        <test-method status="PASS" signature="addCommentAPI()[pri:0, instance:RestClient.JiraAPIs@51e5fc98]" name="addCommentAPI" duration-ms="1330" started-at="2020-09-20T17:30:54Z" finished-at="2020-09-20T17:30:56Z">
          <reporter-output>
          </reporter-output>
        </test-method> <!-- addCommentAPI -->
      </class> <!-- RestClient.JiraAPIs -->
    </test> <!-- Default test -->
  </suite> <!-- Default suite -->
</testng-results>
